<?xml version="1.0" encoding="UTF-8"?>
<!-- Generated by org.testng.reporters.JUnitReportReporter -->
<testsuite hostname="Mohits-MacBook-Pro.local" name="Runner.testRunner" tests="1" failures="0" timestamp="27 Jul 2020 01:02:12 GMT" time="43.696" errors="0">
  <testcase name="feature" time="43.696" classname="Runner.testRunner"/>
</testsuite> <!-- Runner.testRunner -->
